{"/Users/jinchen/Documents/Programming/bundle/client/reducers/root_reducer.js":{"path":"/Users/jinchen/Documents/Programming/bundle/client/reducers/root_reducer.js","s":{"1":1,"2":1,"3":1,"4":1,"5":1,"6":1,"7":1,"8":1,"9":1,"10":1,"11":1,"12":1,"13":0,"14":0},"b":{"1":[1,0],"2":[1,1],"3":[1,0]},"f":{"1":1,"2":1},"fnMap":{"1":{"name":"_interopRequireDefault","line":0,"loc":{"start":{"line":0,"column":0},"end":{"line":0,"column":0}},"skip":true},"2":{"name":"(anonymous_2)","line":0,"loc":{"start":{"line":0,"column":0},"end":{"line":0,"column":0}},"skip":true}},"statementMap":{"1":{"start":{"line":0,"column":0},"end":{"line":0,"column":0},"skip":true},"2":{"start":{"line":1,"column":0},"end":{"line":null,"column":null}},"3":{"start":{"line":2,"column":0},"end":{"line":null,"column":null}},"4":{"start":{"line":0,"column":0},"end":{"line":0,"column":0},"skip":true},"5":{"start":{"line":0,"column":0},"end":{"line":0,"column":0},"skip":true},"6":{"start":{"line":0,"column":0},"end":{"line":0,"column":0},"skip":true},"7":{"start":{"line":4,"column":0},"end":{"line":null,"column":null}},"8":{"start":{"line":8,"column":15},"end":{"line":null,"column":null}},"9":{"start":{"line":0,"column":0},"end":{"line":0,"column":0},"skip":true},"10":{"start":{"line":0,"column":0},"end":{"line":0,"column":0},"skip":true},"11":{"start":{"line":0,"column":0},"end":{"line":0,"column":0},"skip":true},"12":{"start":{"line":0,"column":0},"end":{"line":0,"column":0},"skip":true},"13":{"start":{"line":4,"column":6},"end":{"line":null,"column":null}},"14":{"start":{"line":0,"column":0},"end":{"line":0,"column":0},"skip":true}},"branchMap":{"1":{"line":0,"type":"cond-expr","locations":[{"start":{"line":0,"column":0},"end":{"line":0,"column":0},"skip":true},{"start":{"line":0,"column":0},"end":{"line":0,"column":0},"skip":true}]},"2":{"line":0,"type":"binary-expr","locations":[{"start":{"line":0,"column":0},"end":{"line":0,"column":0},"skip":true},{"start":{"line":0,"column":0},"end":{"line":0,"column":0},"skip":true}]},"3":{"line":0,"type":"if","locations":[{"start":{"line":0,"column":0},"end":{"line":0,"column":0},"skip":true},{"start":{"line":0,"column":0},"end":{"line":0,"column":0},"skip":true}]}}},"/Users/jinchen/Documents/Programming/bundle/client/reducers/session_reducer.js":{"path":"/Users/jinchen/Documents/Programming/bundle/client/reducers/session_reducer.js","s":{"1":1,"2":1,"3":1,"4":1,"5":1,"6":1,"7":1,"8":1,"9":10,"10":10,"11":10,"12":10,"13":0,"14":0,"15":0,"16":0,"17":0,"18":10,"19":1,"20":1,"21":1,"22":1,"23":1,"24":0,"25":0,"26":0},"b":{"1":[0,1],"2":[1,1],"3":[0,10],"4":[10,10],"5":[0,0,0,10],"6":[1,0]},"f":{"1":1,"2":10,"3":1},"fnMap":{"1":{"name":"_interopRequireDefault","line":0,"loc":{"start":{"line":0,"column":0},"end":{"line":0,"column":0}},"skip":true},"2":{"name":"sessionReducer","line":13,"loc":{"start":{"line":13,"column":23},"end":{"line":13,"column":55}}},"3":{"name":"(anonymous_3)","line":0,"loc":{"start":{"line":0,"column":0},"end":{"line":0,"column":0}},"skip":true}},"statementMap":{"1":{"start":{"line":0,"column":0},"end":{"line":0,"column":0},"skip":true},"2":{"start":{"line":1,"column":0},"end":{"line":null,"column":null}},"3":{"start":{"line":6,"column":0},"end":{"line":null,"column":null}},"4":{"start":{"line":0,"column":0},"end":{"line":0,"column":0},"skip":true},"5":{"start":{"line":0,"column":0},"end":{"line":0,"column":0},"skip":true},"6":{"start":{"line":0,"column":0},"end":{"line":0,"column":0},"skip":true},"7":{"start":{"line":8,"column":0},"end":{"line":null,"column":null}},"8":{"start":{"line":13,"column":0},"end":{"line":null,"column":null}},"9":{"start":{"line":13,"column":24},"end":{"line":null,"column":null}},"10":{"start":{"line":13,"column":44},"end":{"line":null,"column":null}},"11":{"start":{"line":14,"column":9},"end":{"line":null,"column":null}},"12":{"start":{"line":15,"column":10},"end":{"line":null,"column":null}},"13":{"start":{"line":17,"column":13},"end":{"line":null,"column":null}},"14":{"start":{"line":19,"column":13},"end":{"line":null,"column":null}},"15":{"start":{"line":21,"column":12},"end":{"line":null,"column":null}},"16":{"start":{"line":22,"column":15},"end":{"line":null,"column":null}},"17":{"start":{"line":23,"column":13},"end":{"line":null,"column":null}},"18":{"start":{"line":25,"column":13},"end":{"line":null,"column":null}},"19":{"start":{"line":29,"column":15},"end":{"line":null,"column":null}},"20":{"start":{"line":0,"column":0},"end":{"line":0,"column":0},"skip":true},"21":{"start":{"line":0,"column":0},"end":{"line":0,"column":0},"skip":true},"22":{"start":{"line":0,"column":0},"end":{"line":0,"column":0},"skip":true},"23":{"start":{"line":0,"column":0},"end":{"line":0,"column":0},"skip":true},"24":{"start":{"line":8,"column":6},"end":{"line":null,"column":null}},"25":{"start":{"line":13,"column":6},"end":{"line":null,"column":null}},"26":{"start":{"line":0,"column":0},"end":{"line":0,"column":0},"skip":true}},"branchMap":{"1":{"line":0,"type":"cond-expr","locations":[{"start":{"line":0,"column":0},"end":{"line":0,"column":0},"skip":true},{"start":{"line":0,"column":0},"end":{"line":0,"column":0},"skip":true}]},"2":{"line":0,"type":"binary-expr","locations":[{"start":{"line":0,"column":0},"end":{"line":0,"column":0},"skip":true},{"start":{"line":0,"column":0},"end":{"line":0,"column":0},"skip":true}]},"3":{"line":13,"type":"cond-expr","locations":[{"start":{"line":13,"column":32},"end":{"line":13,"column":32}},{"start":{"line":13,"column":32},"end":{"line":13,"column":55}}]},"4":{"line":13,"type":"binary-expr","locations":[{"start":{"line":13,"column":32},"end":{"line":13,"column":32}},{"start":{"line":13,"column":32},"end":{"line":13,"column":32}}]},"5":{"line":0,"type":"switch","locations":[{"start":{"line":0,"column":0},"end":{"line":0,"column":0},"skip":true},{"start":{"line":0,"column":0},"end":{"line":0,"column":0},"skip":true},{"start":{"line":0,"column":0},"end":{"line":0,"column":0},"skip":true},{"start":{"line":0,"column":0},"end":{"line":0,"column":0},"skip":true}]},"6":{"line":0,"type":"if","locations":[{"start":{"line":0,"column":0},"end":{"line":0,"column":0},"skip":true},{"start":{"line":0,"column":0},"end":{"line":0,"column":0},"skip":true}]}}},"/Users/jinchen/Documents/Programming/bundle/client/actions/session_actions.js":{"path":"/Users/jinchen/Documents/Programming/bundle/client/actions/session_actions.js","s":{"1":1,"2":1,"3":1,"4":1,"5":1,"6":1,"7":1,"8":0,"9":0,"10":0,"11":0,"12":0,"13":0,"14":0,"15":1,"16":1,"17":1,"18":1,"19":1,"20":0,"21":0,"22":0,"23":0,"24":0,"25":0,"26":1,"27":0,"28":0,"29":0,"30":0,"31":1,"32":0,"33":0,"34":0,"35":0,"36":0,"37":0,"38":1,"39":0,"40":1,"41":0,"42":1,"43":0,"44":1,"45":0,"46":1,"47":1,"48":1,"49":0,"50":0,"51":0,"52":0,"53":0,"54":0,"55":0,"56":0,"57":0,"58":0,"59":0},"b":{"1":[1,0],"2":[1,1],"3":[0,0],"4":[0,0],"5":[1,0]},"f":{"1":1,"2":0,"3":0,"4":0,"5":0,"6":0,"7":0,"8":0,"9":0,"10":0,"11":0,"12":0,"13":0,"14":0,"15":0,"16":0,"17":1},"fnMap":{"1":{"name":"_interopRequireWildcard","line":0,"loc":{"start":{"line":0,"column":0},"end":{"line":0,"column":0}},"skip":true},"2":{"name":"login","line":8,"loc":{"start":{"line":8,"column":21},"end":{"line":null,"column":null}}},"3":{"name":"(anonymous_3)","line":8,"loc":{"start":{"line":8,"column":29},"end":{"line":8,"column":41}}},"4":{"name":"(anonymous_4)","line":11,"loc":{"start":{"line":11,"column":10},"end":{"line":11,"column":17}}},"5":{"name":"(anonymous_5)","line":15,"loc":{"start":{"line":15,"column":10},"end":{"line":null,"column":null}}},"6":{"name":"logout","line":18,"loc":{"start":{"line":18,"column":22},"end":{"line":null,"column":null}}},"7":{"name":"(anonymous_7)","line":18,"loc":{"start":{"line":18,"column":28},"end":{"line":18,"column":40}}},"8":{"name":"(anonymous_8)","line":20,"loc":{"start":{"line":20,"column":38},"end":{"line":null,"column":null}}},"9":{"name":"signup","line":25,"loc":{"start":{"line":25,"column":22},"end":{"line":null,"column":null}}},"10":{"name":"(anonymous_10)","line":25,"loc":{"start":{"line":25,"column":30},"end":{"line":25,"column":42}}},"11":{"name":"(anonymous_11)","line":28,"loc":{"start":{"line":28,"column":10},"end":{"line":28,"column":17}}},"12":{"name":"(anonymous_12)","line":32,"loc":{"start":{"line":32,"column":10},"end":{"line":null,"column":null}}},"13":{"name":"receiveCurrentUser","line":35,"loc":{"start":{"line":35,"column":34},"end":{"line":null,"column":null}}},"14":{"name":"receiveErrors","line":40,"loc":{"start":{"line":40,"column":29},"end":{"line":null,"column":null}}},"15":{"name":"clearErrors","line":45,"loc":{"start":{"line":45,"column":27},"end":{"line":null,"column":null}}},"16":{"name":"fetchingSession","line":49,"loc":{"start":{"line":49,"column":31},"end":{"line":null,"column":null}}},"17":{"name":"(anonymous_17)","line":0,"loc":{"start":{"line":0,"column":0},"end":{"line":0,"column":0}},"skip":true}},"statementMap":{"1":{"start":{"line":0,"column":0},"end":{"line":0,"column":0},"skip":true},"2":{"start":{"line":0,"column":0},"end":{"line":0,"column":0},"skip":true},"3":{"start":{"line":1,"column":0},"end":{"line":null,"column":null}},"4":{"start":{"line":1,"column":12},"end":{"line":null,"column":null}},"5":{"start":{"line":0,"column":0},"end":{"line":0,"column":0},"skip":true},"6":{"start":{"line":0,"column":0},"end":{"line":0,"column":0},"skip":true},"7":{"start":{"line":0,"column":0},"end":{"line":0,"column":0},"skip":true},"8":{"start":{"line":0,"column":0},"end":{"line":0,"column":0},"skip":true},"9":{"start":{"line":0,"column":0},"end":{"line":0,"column":0},"skip":true},"10":{"start":{"line":0,"column":0},"end":{"line":0,"column":0},"skip":true},"11":{"start":{"line":0,"column":0},"end":{"line":0,"column":0},"skip":true},"12":{"start":{"line":0,"column":0},"end":{"line":0,"column":0},"skip":true},"13":{"start":{"line":0,"column":0},"end":{"line":0,"column":0},"skip":true},"14":{"start":{"line":0,"column":0},"end":{"line":0,"column":0},"skip":true},"15":{"start":{"line":3,"column":7},"end":{"line":null,"column":null}},"16":{"start":{"line":4,"column":7},"end":{"line":null,"column":null}},"17":{"start":{"line":5,"column":7},"end":{"line":null,"column":null}},"18":{"start":{"line":6,"column":7},"end":{"line":null,"column":null}},"19":{"start":{"line":8,"column":7},"end":{"line":null,"column":null}},"20":{"start":{"line":8,"column":29},"end":{"line":null,"column":null}},"21":{"start":{"line":9,"column":11},"end":{"line":null,"column":null}},"22":{"start":{"line":10,"column":9},"end":{"line":null,"column":null}},"23":{"start":{"line":12,"column":15},"end":{"line":null,"column":null}},"24":{"start":{"line":13,"column":13},"end":{"line":null,"column":null}},"25":{"start":{"line":15,"column":20},"end":{"line":null,"column":null}},"26":{"start":{"line":18,"column":7},"end":{"line":null,"column":null}},"27":{"start":{"line":18,"column":28},"end":{"line":null,"column":null}},"28":{"start":{"line":19,"column":11},"end":{"line":null,"column":null}},"29":{"start":{"line":20,"column":9},"end":{"line":null,"column":null}},"30":{"start":{"line":21,"column":4},"end":{"line":null,"column":null}},"31":{"start":{"line":25,"column":7},"end":{"line":null,"column":null}},"32":{"start":{"line":25,"column":30},"end":{"line":null,"column":null}},"33":{"start":{"line":26,"column":11},"end":{"line":null,"column":null}},"34":{"start":{"line":27,"column":9},"end":{"line":null,"column":null}},"35":{"start":{"line":29,"column":15},"end":{"line":null,"column":null}},"36":{"start":{"line":30,"column":13},"end":{"line":null,"column":null}},"37":{"start":{"line":32,"column":20},"end":{"line":null,"column":null}},"38":{"start":{"line":35,"column":7},"end":{"line":null,"column":null}},"39":{"start":{"line":35,"column":50},"end":{"line":null,"column":null}},"40":{"start":{"line":40,"column":7},"end":{"line":null,"column":null}},"41":{"start":{"line":40,"column":40},"end":{"line":null,"column":null}},"42":{"start":{"line":45,"column":7},"end":{"line":null,"column":null}},"43":{"start":{"line":45,"column":34},"end":{"line":null,"column":null}},"44":{"start":{"line":49,"column":7},"end":{"line":null,"column":null}},"45":{"start":{"line":49,"column":38},"end":{"line":null,"column":null}},"46":{"start":{"line":0,"column":0},"end":{"line":0,"column":0},"skip":true},"47":{"start":{"line":0,"column":0},"end":{"line":0,"column":0},"skip":true},"48":{"start":{"line":0,"column":0},"end":{"line":0,"column":0},"skip":true},"49":{"start":{"line":3,"column":13},"end":{"line":null,"column":null}},"50":{"start":{"line":4,"column":13},"end":{"line":null,"column":null}},"51":{"start":{"line":5,"column":13},"end":{"line":null,"column":null}},"52":{"start":{"line":6,"column":13},"end":{"line":null,"column":null}},"53":{"start":{"line":8,"column":13},"end":{"line":null,"column":null}},"54":{"start":{"line":18,"column":13},"end":{"line":null,"column":null}},"55":{"start":{"line":25,"column":13},"end":{"line":null,"column":null}},"56":{"start":{"line":35,"column":13},"end":{"line":null,"column":null}},"57":{"start":{"line":40,"column":13},"end":{"line":null,"column":null}},"58":{"start":{"line":45,"column":13},"end":{"line":null,"column":null}},"59":{"start":{"line":49,"column":13},"end":{"line":null,"column":null}}},"branchMap":{"1":{"line":0,"type":"if","locations":[{"start":{"line":0,"column":0},"end":{"line":0,"column":0},"skip":true},{"start":{"line":0,"column":0},"end":{"line":0,"column":0},"skip":true}]},"2":{"line":0,"type":"binary-expr","locations":[{"start":{"line":0,"column":0},"end":{"line":0,"column":0},"skip":true},{"start":{"line":0,"column":0},"end":{"line":0,"column":0},"skip":true}]},"3":{"line":0,"type":"if","locations":[{"start":{"line":0,"column":0},"end":{"line":0,"column":0},"skip":true},{"start":{"line":0,"column":0},"end":{"line":0,"column":0},"skip":true}]},"4":{"line":0,"type":"if","locations":[{"start":{"line":0,"column":0},"end":{"line":0,"column":0},"skip":true},{"start":{"line":0,"column":0},"end":{"line":0,"column":0},"skip":true}]},"5":{"line":0,"type":"if","locations":[{"start":{"line":0,"column":0},"end":{"line":0,"column":0},"skip":true},{"start":{"line":0,"column":0},"end":{"line":0,"column":0},"skip":true}]}}},"/Users/jinchen/Documents/Programming/bundle/client/utils/session_api_util.js":{"path":"/Users/jinchen/Documents/Programming/bundle/client/utils/session_api_util.js","s":{"1":1,"2":1,"3":0,"4":1,"5":0,"6":1,"7":0,"8":1,"9":1,"10":1,"11":0,"12":0,"13":0},"b":{"1":[1,0]},"f":{"1":0,"2":0,"3":0,"4":1},"fnMap":{"1":{"name":"signup","line":1,"loc":{"start":{"line":1,"column":22},"end":{"line":null,"column":null}}},"2":{"name":"login","line":8,"loc":{"start":{"line":8,"column":21},"end":{"line":null,"column":null}}},"3":{"name":"logout","line":15,"loc":{"start":{"line":15,"column":22},"end":{"line":null,"column":null}}},"4":{"name":"(anonymous_4)","line":0,"loc":{"start":{"line":0,"column":0},"end":{"line":0,"column":0}},"skip":true}},"statementMap":{"1":{"start":{"line":0,"column":0},"end":{"line":0,"column":0},"skip":true},"2":{"start":{"line":1,"column":7},"end":{"line":null,"column":null}},"3":{"start":{"line":2,"column":2},"end":{"line":null,"column":null}},"4":{"start":{"line":8,"column":7},"end":{"line":null,"column":null}},"5":{"start":{"line":9,"column":2},"end":{"line":null,"column":null}},"6":{"start":{"line":15,"column":7},"end":{"line":null,"column":null}},"7":{"start":{"line":16,"column":2},"end":{"line":null,"column":null}},"8":{"start":{"line":0,"column":0},"end":{"line":0,"column":0},"skip":true},"9":{"start":{"line":0,"column":0},"end":{"line":0,"column":0},"skip":true},"10":{"start":{"line":0,"column":0},"end":{"line":0,"column":0},"skip":true},"11":{"start":{"line":1,"column":13},"end":{"line":null,"column":null}},"12":{"start":{"line":8,"column":13},"end":{"line":null,"column":null}},"13":{"start":{"line":15,"column":13},"end":{"line":null,"column":null}}},"branchMap":{"1":{"line":0,"type":"if","locations":[{"start":{"line":0,"column":0},"end":{"line":0,"column":0},"skip":true},{"start":{"line":0,"column":0},"end":{"line":0,"column":0},"skip":true}]}}},"/Users/jinchen/Documents/Programming/bundle/client/components/splash/SessionFormContainer.js":{"path":"/Users/jinchen/Documents/Programming/bundle/client/components/splash/SessionFormContainer.js","s":{"1":1,"2":1,"3":1,"4":1,"5":1,"6":1,"7":1,"8":1,"9":1,"10":8,"11":1,"12":8,"13":0,"14":0,"15":1,"16":1,"17":1,"18":1,"19":1,"20":0,"21":0,"22":0},"b":{"1":[1,0],"2":[1,1],"3":[1,0]},"f":{"1":1,"2":8,"3":8,"4":0,"5":0,"6":1},"fnMap":{"1":{"name":"_interopRequireDefault","line":0,"loc":{"start":{"line":0,"column":0},"end":{"line":0,"column":0}},"skip":true},"2":{"name":"mapStateToProps","line":6,"loc":{"start":{"line":6,"column":24},"end":{"line":null,"column":null}}},"3":{"name":"mapDispatchToProps","line":11,"loc":{"start":{"line":11,"column":27},"end":{"line":null,"column":null}}},"4":{"name":"signup","line":12,"loc":{"start":{"line":12,"column":10},"end":{"line":null,"column":null}}},"5":{"name":"login","line":13,"loc":{"start":{"line":13,"column":9},"end":{"line":null,"column":null}}},"6":{"name":"(anonymous_6)","line":0,"loc":{"start":{"line":0,"column":0},"end":{"line":0,"column":0}},"skip":true}},"statementMap":{"1":{"start":{"line":0,"column":0},"end":{"line":0,"column":0},"skip":true},"2":{"start":{"line":1,"column":0},"end":{"line":null,"column":null}},"3":{"start":{"line":0,"column":0},"end":{"line":0,"column":0},"skip":true},"4":{"start":{"line":2,"column":0},"end":{"line":null,"column":null}},"5":{"start":{"line":3,"column":0},"end":{"line":null,"column":null}},"6":{"start":{"line":4,"column":0},"end":{"line":null,"column":null}},"7":{"start":{"line":0,"column":0},"end":{"line":0,"column":0},"skip":true},"8":{"start":{"line":0,"column":0},"end":{"line":0,"column":0},"skip":true},"9":{"start":{"line":6,"column":0},"end":{"line":null,"column":null}},"10":{"start":{"line":6,"column":34},"end":{"line":null,"column":null}},"11":{"start":{"line":11,"column":0},"end":{"line":null,"column":null}},"12":{"start":{"line":11,"column":40},"end":{"line":null,"column":null}},"13":{"start":{"line":12,"column":18},"end":{"line":null,"column":null}},"14":{"start":{"line":13,"column":17},"end":{"line":null,"column":null}},"15":{"start":{"line":16,"column":15},"end":{"line":null,"column":null}},"16":{"start":{"line":0,"column":0},"end":{"line":0,"column":0},"skip":true},"17":{"start":{"line":0,"column":0},"end":{"line":0,"column":0},"skip":true},"18":{"start":{"line":0,"column":0},"end":{"line":0,"column":0},"skip":true},"19":{"start":{"line":0,"column":0},"end":{"line":0,"column":0},"skip":true},"20":{"start":{"line":6,"column":6},"end":{"line":null,"column":null}},"21":{"start":{"line":11,"column":6},"end":{"line":null,"column":null}},"22":{"start":{"line":0,"column":0},"end":{"line":0,"column":0},"skip":true}},"branchMap":{"1":{"line":0,"type":"cond-expr","locations":[{"start":{"line":0,"column":0},"end":{"line":0,"column":0},"skip":true},{"start":{"line":0,"column":0},"end":{"line":0,"column":0},"skip":true}]},"2":{"line":0,"type":"binary-expr","locations":[{"start":{"line":0,"column":0},"end":{"line":0,"column":0},"skip":true},{"start":{"line":0,"column":0},"end":{"line":0,"column":0},"skip":true}]},"3":{"line":0,"type":"if","locations":[{"start":{"line":0,"column":0},"end":{"line":0,"column":0},"skip":true},{"start":{"line":0,"column":0},"end":{"line":0,"column":0},"skip":true}]}}},"/Users/jinchen/Documents/Programming/bundle/client/components/splash/SessionForm.jsx":{"path":"/Users/jinchen/Documents/Programming/bundle/client/components/splash/SessionForm.jsx","s":{"1":1,"2":1,"3":1,"4":1,"5":3,"6":3,"7":3,"8":3,"9":3,"10":3,"11":1,"12":1,"13":1,"14":1,"15":0,"16":1,"17":1,"18":1,"19":1,"20":1,"21":1,"22":1,"23":0,"24":1,"25":1,"26":1,"27":8,"28":0,"29":1,"30":8,"31":0,"32":8,"33":1,"34":1,"35":0,"36":1,"37":1,"38":1,"39":1,"40":1,"41":1,"42":1,"43":8,"44":8,"45":8,"46":8,"47":8,"48":8,"49":1,"50":0,"51":0,"52":0,"53":0,"54":1,"55":1,"56":9,"57":9,"58":1,"59":1,"60":1,"61":1,"62":1,"63":1,"64":0,"65":0,"66":0},"b":{"1":[3,3],"2":[3,0],"3":[1,0],"4":[0,1],"5":[0,1],"6":[1,1],"7":[0,1],"8":[0,8],"9":[0,8],"10":[0,8],"11":[8,0,0],"12":[0,1],"13":[1,0],"14":[1,1],"15":[1,0],"16":[1,0],"17":[8,0],"18":[1,0]},"f":{"1":1,"2":1,"3":1,"4":1,"5":1,"6":8,"7":8,"8":1,"9":1,"10":8,"11":0,"12":0,"13":1,"14":9,"15":1},"fnMap":{"1":{"name":"(anonymous_1)","line":0,"loc":{"start":{"line":0,"column":0},"end":{"line":0,"column":0}},"skip":true},"2":{"name":"defineProperties","line":0,"loc":{"start":{"line":0,"column":0},"end":{"line":0,"column":0}},"skip":true},"3":{"name":"(anonymous_3)","line":0,"loc":{"start":{"line":0,"column":0},"end":{"line":0,"column":0}},"skip":true},"4":{"name":"_interopRequireDefault","line":0,"loc":{"start":{"line":0,"column":0},"end":{"line":0,"column":0}},"skip":true},"5":{"name":"_defineProperty","line":0,"loc":{"start":{"line":0,"column":0},"end":{"line":0,"column":0}},"skip":true},"6":{"name":"_classCallCheck","line":0,"loc":{"start":{"line":0,"column":0},"end":{"line":0,"column":0}},"skip":true},"7":{"name":"_possibleConstructorReturn","line":0,"loc":{"start":{"line":0,"column":0},"end":{"line":0,"column":0}},"skip":true},"8":{"name":"_inherits","line":0,"loc":{"start":{"line":0,"column":0},"end":{"line":0,"column":0}},"skip":true},"9":{"name":"(anonymous_9)","line":0,"loc":{"start":{"line":0,"column":0},"end":{"line":0,"column":0}},"skip":true},"10":{"name":"SessionForm","line":5,"loc":{"start":{"line":5,"column":16},"end":{"line":5,"column":16}}},"11":{"name":"handleSubmit","line":12,"loc":{"start":{"line":12,"column":15},"end":{"line":12,"column":18}}},"12":{"name":"(anonymous_12)","line":14,"loc":{"start":{"line":14,"column":39},"end":{"line":null,"column":null}}},"13":{"name":"handleChange","line":17,"loc":{"start":{"line":17,"column":15},"end":{"line":17,"column":18}}},"14":{"name":"render","line":22,"loc":{"start":{"line":22,"column":11},"end":{"line":22,"column":11}}},"15":{"name":"(anonymous_15)","line":0,"loc":{"start":{"line":0,"column":0},"end":{"line":0,"column":0}},"skip":true}},"statementMap":{"1":{"start":{"line":0,"column":0},"end":{"line":0,"column":0},"skip":true},"2":{"start":{"line":0,"column":0},"end":{"line":0,"column":0},"skip":true},"3":{"start":{"line":0,"column":0},"end":{"line":0,"column":0},"skip":true},"4":{"start":{"line":0,"column":0},"end":{"line":0,"column":0},"skip":true},"5":{"start":{"line":0,"column":0},"end":{"line":0,"column":0},"skip":true},"6":{"start":{"line":0,"column":0},"end":{"line":0,"column":0},"skip":true},"7":{"start":{"line":0,"column":0},"end":{"line":0,"column":0},"skip":true},"8":{"start":{"line":0,"column":0},"end":{"line":0,"column":0},"skip":true},"9":{"start":{"line":0,"column":0},"end":{"line":0,"column":0},"skip":true},"10":{"start":{"line":0,"column":0},"end":{"line":0,"column":0},"skip":true},"11":{"start":{"line":0,"column":0},"end":{"line":0,"column":0},"skip":true},"12":{"start":{"line":0,"column":0},"end":{"line":0,"column":0},"skip":true},"13":{"start":{"line":0,"column":0},"end":{"line":0,"column":0},"skip":true},"14":{"start":{"line":0,"column":0},"end":{"line":0,"column":0},"skip":true},"15":{"start":{"line":0,"column":0},"end":{"line":0,"column":0},"skip":true},"16":{"start":{"line":0,"column":0},"end":{"line":0,"column":0},"skip":true},"17":{"start":{"line":1,"column":0},"end":{"line":null,"column":null}},"18":{"start":{"line":0,"column":0},"end":{"line":0,"column":0},"skip":true},"19":{"start":{"line":0,"column":0},"end":{"line":0,"column":0},"skip":true},"20":{"start":{"line":0,"column":0},"end":{"line":0,"column":0},"skip":true},"21":{"start":{"line":0,"column":0},"end":{"line":0,"column":0},"skip":true},"22":{"start":{"line":0,"column":0},"end":{"line":0,"column":0},"skip":true},"23":{"start":{"line":0,"column":0},"end":{"line":0,"column":0},"skip":true},"24":{"start":{"line":0,"column":0},"end":{"line":0,"column":0},"skip":true},"25":{"start":{"line":0,"column":0},"end":{"line":0,"column":0},"skip":true},"26":{"start":{"line":0,"column":0},"end":{"line":0,"column":0},"skip":true},"27":{"start":{"line":0,"column":0},"end":{"line":0,"column":0},"skip":true},"28":{"start":{"line":0,"column":0},"end":{"line":0,"column":0},"skip":true},"29":{"start":{"line":0,"column":0},"end":{"line":0,"column":0},"skip":true},"30":{"start":{"line":0,"column":0},"end":{"line":0,"column":0},"skip":true},"31":{"start":{"line":0,"column":0},"end":{"line":0,"column":0},"skip":true},"32":{"start":{"line":0,"column":0},"end":{"line":0,"column":0},"skip":true},"33":{"start":{"line":0,"column":0},"end":{"line":0,"column":0},"skip":true},"34":{"start":{"line":0,"column":0},"end":{"line":0,"column":0},"skip":true},"35":{"start":{"line":0,"column":0},"end":{"line":0,"column":0},"skip":true},"36":{"start":{"line":0,"column":0},"end":{"line":0,"column":0},"skip":true},"37":{"start":{"line":0,"column":0},"end":{"line":0,"column":0},"skip":true},"38":{"start":{"line":0,"column":0},"end":{"line":0,"column":0},"skip":true},"39":{"start":{"line":2,"column":0},"end":{"line":null,"column":null}},"40":{"start":{"line":4,"column":6},"end":{"line":null,"column":null}},"41":{"start":{"line":0,"column":0},"end":{"line":0,"column":0},"skip":true},"42":{"start":{"line":5,"column":16},"end":{"line":null,"column":null}},"43":{"start":{"line":0,"column":0},"end":{"line":0,"column":0},"skip":true},"44":{"start":{"line":0,"column":0},"end":{"line":0,"column":0},"skip":true},"45":{"start":{"line":7,"column":9},"end":{"line":null,"column":null}},"46":{"start":{"line":8,"column":9},"end":{"line":null,"column":null}},"47":{"start":{"line":9,"column":9},"end":{"line":null,"column":null}},"48":{"start":{"line":0,"column":0},"end":{"line":0,"column":0},"skip":true},"49":{"start":{"line":0,"column":0},"end":{"line":0,"column":0},"skip":true},"50":{"start":{"line":0,"column":0},"end":{"line":0,"column":0},"skip":true},"51":{"start":{"line":13,"column":6},"end":{"line":null,"column":null}},"52":{"start":{"line":14,"column":9},"end":{"line":null,"column":null}},"53":{"start":{"line":14,"column":45},"end":{"line":null,"column":null}},"54":{"start":{"line":18,"column":6},"end":{"line":null,"column":null}},"55":{"start":{"line":19,"column":9},"end":{"line":null,"column":null}},"56":{"start":{"line":23,"column":35},"end":{"line":null,"column":null}},"57":{"start":{"line":25,"column":6},"end":{"line":null,"column":null}},"58":{"start":{"line":0,"column":0},"end":{"line":0,"column":0},"skip":true},"59":{"start":{"line":55,"column":15},"end":{"line":null,"column":null}},"60":{"start":{"line":0,"column":0},"end":{"line":0,"column":0},"skip":true},"61":{"start":{"line":0,"column":0},"end":{"line":0,"column":0},"skip":true},"62":{"start":{"line":0,"column":0},"end":{"line":0,"column":0},"skip":true},"63":{"start":{"line":0,"column":0},"end":{"line":0,"column":0},"skip":true},"64":{"start":{"line":2,"column":6},"end":{"line":null,"column":null}},"65":{"start":{"line":4,"column":6},"end":{"line":null,"column":null}},"66":{"start":{"line":0,"column":0},"end":{"line":0,"column":0},"skip":true}},"branchMap":{"1":{"line":0,"type":"binary-expr","locations":[{"start":{"line":0,"column":0},"end":{"line":0,"column":0},"skip":true},{"start":{"line":0,"column":0},"end":{"line":0,"column":0},"skip":true}]},"2":{"line":0,"type":"if","locations":[{"start":{"line":0,"column":0},"end":{"line":0,"column":0},"skip":true},{"start":{"line":0,"column":0},"end":{"line":0,"column":0},"skip":true}]},"3":{"line":0,"type":"if","locations":[{"start":{"line":0,"column":0},"end":{"line":0,"column":0},"skip":true},{"start":{"line":0,"column":0},"end":{"line":0,"column":0},"skip":true}]},"4":{"line":0,"type":"if","locations":[{"start":{"line":0,"column":0},"end":{"line":0,"column":0},"skip":true},{"start":{"line":0,"column":0},"end":{"line":0,"column":0},"skip":true}]},"5":{"line":0,"type":"cond-expr","locations":[{"start":{"line":0,"column":0},"end":{"line":0,"column":0},"skip":true},{"start":{"line":0,"column":0},"end":{"line":0,"column":0},"skip":true}]},"6":{"line":0,"type":"binary-expr","locations":[{"start":{"line":0,"column":0},"end":{"line":0,"column":0},"skip":true},{"start":{"line":0,"column":0},"end":{"line":0,"column":0},"skip":true}]},"7":{"line":0,"type":"if","locations":[{"start":{"line":0,"column":0},"end":{"line":0,"column":0},"skip":true},{"start":{"line":0,"column":0},"end":{"line":0,"column":0},"skip":true}]},"8":{"line":0,"type":"if","locations":[{"start":{"line":0,"column":0},"end":{"line":0,"column":0},"skip":true},{"start":{"line":0,"column":0},"end":{"line":0,"column":0},"skip":true}]},"9":{"line":0,"type":"if","locations":[{"start":{"line":0,"column":0},"end":{"line":0,"column":0},"skip":true},{"start":{"line":0,"column":0},"end":{"line":0,"column":0},"skip":true}]},"10":{"line":0,"type":"cond-expr","locations":[{"start":{"line":0,"column":0},"end":{"line":0,"column":0},"skip":true},{"start":{"line":0,"column":0},"end":{"line":0,"column":0},"skip":true}]},"11":{"line":0,"type":"binary-expr","locations":[{"start":{"line":0,"column":0},"end":{"line":0,"column":0},"skip":true},{"start":{"line":0,"column":0},"end":{"line":0,"column":0},"skip":true},{"start":{"line":0,"column":0},"end":{"line":0,"column":0},"skip":true}]},"12":{"line":0,"type":"if","locations":[{"start":{"line":0,"column":0},"end":{"line":0,"column":0},"skip":true},{"start":{"line":0,"column":0},"end":{"line":0,"column":0},"skip":true}]},"13":{"line":0,"type":"binary-expr","locations":[{"start":{"line":0,"column":0},"end":{"line":0,"column":0},"skip":true},{"start":{"line":0,"column":0},"end":{"line":0,"column":0},"skip":true}]},"14":{"line":0,"type":"binary-expr","locations":[{"start":{"line":0,"column":0},"end":{"line":0,"column":0},"skip":true},{"start":{"line":0,"column":0},"end":{"line":0,"column":0},"skip":true}]},"15":{"line":0,"type":"if","locations":[{"start":{"line":0,"column":0},"end":{"line":0,"column":0},"skip":true},{"start":{"line":0,"column":0},"end":{"line":0,"column":0},"skip":true}]},"16":{"line":0,"type":"cond-expr","locations":[{"start":{"line":0,"column":0},"end":{"line":0,"column":0},"skip":true},{"start":{"line":0,"column":0},"end":{"line":0,"column":0},"skip":true}]},"17":{"line":0,"type":"binary-expr","locations":[{"start":{"line":0,"column":0},"end":{"line":0,"column":0},"skip":true},{"start":{"line":0,"column":0},"end":{"line":0,"column":0},"skip":true}]},"18":{"line":0,"type":"if","locations":[{"start":{"line":0,"column":0},"end":{"line":0,"column":0},"skip":true},{"start":{"line":0,"column":0},"end":{"line":0,"column":0},"skip":true}]}}},"/Users/jinchen/Documents/Programming/bundle/client/components/splash/SplashPage.jsx":{"path":"/Users/jinchen/Documents/Programming/bundle/client/components/splash/SplashPage.jsx","s":{"1":1,"2":1,"3":1,"4":1,"5":1,"6":1,"7":2,"8":1,"9":2,"10":1,"11":1,"12":1,"13":1,"14":1,"15":0,"16":0},"b":{"1":[1,1],"2":[2,2],"3":[1,0]},"f":{"1":2,"2":2,"3":1},"fnMap":{"1":{"name":"_interopRequireDefault","line":0,"loc":{"start":{"line":0,"column":0},"end":{"line":0,"column":0}},"skip":true},"2":{"name":"SplashPage","line":4,"loc":{"start":{"line":4,"column":19},"end":{"line":null,"column":null}}},"3":{"name":"(anonymous_3)","line":0,"loc":{"start":{"line":0,"column":0},"end":{"line":0,"column":0}},"skip":true}},"statementMap":{"1":{"start":{"line":0,"column":0},"end":{"line":0,"column":0},"skip":true},"2":{"start":{"line":1,"column":0},"end":{"line":null,"column":null}},"3":{"start":{"line":0,"column":0},"end":{"line":0,"column":0},"skip":true},"4":{"start":{"line":2,"column":0},"end":{"line":null,"column":null}},"5":{"start":{"line":0,"column":0},"end":{"line":0,"column":0},"skip":true},"6":{"start":{"line":0,"column":0},"end":{"line":0,"column":0},"skip":true},"7":{"start":{"line":0,"column":0},"end":{"line":0,"column":0},"skip":true},"8":{"start":{"line":4,"column":0},"end":{"line":null,"column":null}},"9":{"start":{"line":5,"column":2},"end":{"line":null,"column":null}},"10":{"start":{"line":9,"column":15},"end":{"line":null,"column":null}},"11":{"start":{"line":0,"column":0},"end":{"line":0,"column":0},"skip":true},"12":{"start":{"line":0,"column":0},"end":{"line":0,"column":0},"skip":true},"13":{"start":{"line":0,"column":0},"end":{"line":0,"column":0},"skip":true},"14":{"start":{"line":0,"column":0},"end":{"line":0,"column":0},"skip":true},"15":{"start":{"line":4,"column":6},"end":{"line":null,"column":null}},"16":{"start":{"line":0,"column":0},"end":{"line":0,"column":0},"skip":true}},"branchMap":{"1":{"line":0,"type":"cond-expr","locations":[{"start":{"line":0,"column":0},"end":{"line":0,"column":0},"skip":true},{"start":{"line":0,"column":0},"end":{"line":0,"column":0},"skip":true}]},"2":{"line":0,"type":"binary-expr","locations":[{"start":{"line":0,"column":0},"end":{"line":0,"column":0},"skip":true},{"start":{"line":0,"column":0},"end":{"line":0,"column":0},"skip":true}]},"3":{"line":0,"type":"if","locations":[{"start":{"line":0,"column":0},"end":{"line":0,"column":0},"skip":true},{"start":{"line":0,"column":0},"end":{"line":0,"column":0},"skip":true}]}}}}