TN:
SF:/Users/jinchen/Documents/Programming/bundle/redesign/client/reducers/root_reducer.js
FNF:0
FNH:0
DA:1,1
DA:2,1
DA:4,1
DA:8,1
LF:4
LH:4
BRF:0
BRH:0
end_of_record
TN:
SF:/Users/jinchen/Documents/Programming/bundle/redesign/client/reducers/session_reducer.js
FN:13,sessionReducer
FNF:1
FNH:1
FNDA:10,sessionReducer
DA:1,1
DA:6,1
DA:8,1
DA:13,10
DA:14,10
DA:15,10
DA:17,0
DA:19,0
DA:21,0
DA:22,0
DA:23,0
DA:25,10
DA:29,1
LF:13
LH:8
BRDA:13,3,0,0
BRDA:13,3,1,10
BRDA:13,4,0,10
BRDA:13,4,1,10
BRF:4
BRH:3
end_of_record
TN:
SF:/Users/jinchen/Documents/Programming/bundle/redesign/client/actions/session_actions.js
FN:8,login
FN:8,(anonymous_3)
FN:11,(anonymous_4)
FN:15,(anonymous_5)
FN:18,logout
FN:18,(anonymous_7)
FN:20,(anonymous_8)
FN:25,signup
FN:25,(anonymous_10)
FN:28,(anonymous_11)
FN:32,(anonymous_12)
FN:35,receiveCurrentUser
FN:40,receiveErrors
FN:45,clearErrors
FN:49,fetchingSession
FNF:15
FNH:0
FNDA:0,login
FNDA:0,(anonymous_3)
FNDA:0,(anonymous_4)
FNDA:0,(anonymous_5)
FNDA:0,logout
FNDA:0,(anonymous_7)
FNDA:0,(anonymous_8)
FNDA:0,signup
FNDA:0,(anonymous_10)
FNDA:0,(anonymous_11)
FNDA:0,(anonymous_12)
FNDA:0,receiveCurrentUser
FNDA:0,receiveErrors
FNDA:0,clearErrors
FNDA:0,fetchingSession
DA:1,1
DA:3,1
DA:4,1
DA:5,1
DA:6,1
DA:8,1
DA:9,0
DA:10,0
DA:12,0
DA:13,0
DA:15,0
DA:18,1
DA:19,0
DA:20,0
DA:21,0
DA:25,1
DA:26,0
DA:27,0
DA:29,0
DA:30,0
DA:32,0
DA:35,1
DA:40,1
DA:45,1
DA:49,1
LF:25
LH:12
BRF:0
BRH:0
end_of_record
TN:
SF:/Users/jinchen/Documents/Programming/bundle/redesign/client/utils/session_api_util.js
FN:1,signup
FN:8,login
FN:15,logout
FNF:3
FNH:0
FNDA:0,signup
FNDA:0,login
FNDA:0,logout
DA:1,1
DA:2,0
DA:8,1
DA:9,0
DA:15,1
DA:16,0
LF:6
LH:3
BRF:0
BRH:0
end_of_record
TN:
SF:/Users/jinchen/Documents/Programming/bundle/redesign/client/components/splash/SessionFormContainer.js
FN:6,mapStateToProps
FN:11,mapDispatchToProps
FN:12,signup
FN:13,login
FNF:4
FNH:2
FNDA:8,mapStateToProps
FNDA:8,mapDispatchToProps
FNDA:0,signup
FNDA:0,login
DA:1,1
DA:2,1
DA:3,1
DA:4,1
DA:6,8
DA:11,8
DA:12,0
DA:13,0
DA:16,1
LF:9
LH:7
BRF:0
BRH:0
end_of_record
TN:
SF:/Users/jinchen/Documents/Programming/bundle/redesign/client/components/splash/SessionForm.jsx
FN:5,SessionForm
FN:12,handleSubmit
FN:14,(anonymous_12)
FN:17,handleChange
FN:22,render
FNF:5
FNH:3
FNDA:8,SessionForm
FNDA:0,handleSubmit
FNDA:0,(anonymous_12)
FNDA:1,handleChange
FNDA:9,render
DA:1,1
DA:2,1
DA:4,1
DA:5,1
DA:7,8
DA:8,8
DA:9,8
DA:13,0
DA:14,0
DA:18,1
DA:19,1
DA:23,9
DA:25,9
DA:55,1
LF:14
LH:12
BRF:0
BRH:0
end_of_record
TN:
SF:/Users/jinchen/Documents/Programming/bundle/redesign/client/components/splash/SplashPage.jsx
FN:4,SplashPage
FNF:1
FNH:1
FNDA:2,SplashPage
DA:1,1
DA:2,1
DA:4,1
DA:5,2
DA:9,1
LF:5
LH:5
BRF:0
BRH:0
end_of_record
